<?xml version='1.0'?>

<SOAP-ENV:Envelope xmlns:SOAP-ENC="http://schemas.xmlsoap.org/soap/encoding/" 
                   xmlns:SOAP-ENV="http://schemas.xmlsoap.org/soap/envelope/" 
                   xmlns:xsd="http://www.w3.org/1999/XMLSchema" 
                   xmlns:xsi="http://www.w3.org/1999/XMLSchema-instance" 
                   SOAP-ENV:encodingStyle="http://schemas.xmlsoap.org/soap/encoding/">
  <SOAP-ENV:Body>
    <m:getStateName xmlns:m="http://www.soapware.org/">
      <statenum xsi:type="xsd:int">41</statenum>
    </m:getStateName>
  </SOAP-ENV:Body>
</SOAP-ENV:Envelope>
